<?xml version="1.0" encoding="UTF-8"?>
<testsuite xmlns:xsi="http://www.w3.org/2001/XMLSchema-instance" xsi:noNamespaceSchemaLocation="https://maven.apache.org/surefire/maven-surefire-plugin/xsd/surefire-test-report.xsd" name="TestKnapsack" time="0.335" tests="1" errors="0" skipped="0" failures="1">
  <properties>
[...]
</properties>
  <testcase name="testDPSolution" classname="TestKnapsack" time="0.009">
    <failure message="expected:&lt;110&gt; but was:&lt;100&gt;" type="java.lang.AssertionError"><![CDATA[java.lang.AssertionError: expected:<110> but was:<100>
	at TestKnapsack.testDPSolution(TestKnapsack.java:30)
]]></failure>
    <system-out><![CDATA[Knapsack problem test
]]></system-out>
  </testcase>
</testsuite>