<?xml version="1.0" encoding="UTF-8"?>
<testng-results ignored="0" total="1" passed="1" failed="0" skipped="0">
  <reporter-output>
  </reporter-output>
  <suite started-at="2023-02-23T19:30:07 MST" name="Default suite" finished-at="2023-02-23T19:30:10 MST" duration-ms="2336">
    <groups>
    </groups>
    <test started-at="2023-02-23T19:30:07 MST" name="Default test" finished-at="2023-02-23T19:30:10 MST" duration-ms="2336">
      <class name="Test_Example_GET">
        <test-method is-config="true" signature="setSpecs()[pri:0, instance:Test_Example_GET@4c60d6e9]" started-at="2023-02-23T19:30:07 MST" name="setSpecs" finished-at="2023-02-23T19:30:08 MST" duration-ms="427" status="PASS">
          <reporter-output>
          </reporter-output>
        </test-method> <!-- setSpecs -->
        <test-method signature="testGetBook()[pri:0, instance:Test_Example_GET@4c60d6e9]" started-at="2023-02-23T19:30:08 MST" name="testGetBook" finished-at="2023-02-23T19:30:10 MST" duration-ms="1880" status="PASS">
          <reporter-output>
          </reporter-output>
        </test-method> <!-- testGetBook -->
      </class> <!-- Test_Example_GET -->
    </test> <!-- Default test -->
  </suite> <!-- Default suite -->
</testng-results>
